  template.cpp
C:\Users\wvds9\Documents\GitHub\thesis-project2\WrldTmpl8-main\template\template.cpp(63,47): warning C4244: 'argument': conversion from 'const float' to 'uint', possible loss of data
C:\Users\wvds9\Documents\GitHub\thesis-project2\WrldTmpl8-main\template\template.cpp(63,44): warning C4244: 'argument': conversion from 'const float' to 'uint', possible loss of data
C:\Users\wvds9\Documents\GitHub\thesis-project2\WrldTmpl8-main\template\template.cpp(63,41): warning C4244: 'argument': conversion from 'const float' to 'uint', possible loss of data
C:\Users\wvds9\Documents\GitHub\thesis-project2\WrldTmpl8-main\template\template.cpp(63,38): warning C4244: 'argument': conversion from 'const float' to 'uint', possible loss of data
C:\Users\wvds9\Documents\GitHub\thesis-project2\WrldTmpl8-main\template\template.cpp(63,35): warning C4244: 'argument': conversion from 'const float' to 'uint', possible loss of data
C:\Users\wvds9\Documents\GitHub\thesis-project2\WrldTmpl8-main\template\template.cpp(63,32): warning C4244: 'argument': conversion from 'const float' to 'uint', possible loss of data
  CAPE.cpp
C:\Users\wvds9\Documents\GitHub\thesis-project2\WrldTmpl8-main\CAPE.cpp(77,24): warning C4244: 'argument': conversion from 'float' to 'int', possible loss of data
C:\Users\wvds9\Documents\GitHub\thesis-project2\WrldTmpl8-main\CAPE.cpp(78,25): warning C4244: 'argument': conversion from 'float' to 'int', possible loss of data
C:\Users\wvds9\Documents\GitHub\thesis-project2\WrldTmpl8-main\CAPE.cpp(79,25): warning C4244: 'argument': conversion from 'float' to 'int', possible loss of data
C:\Users\wvds9\Documents\GitHub\thesis-project2\WrldTmpl8-main\CAPE.cpp(80,25): warning C4244: 'argument': conversion from 'float' to 'int', possible loss of data
C:\Users\wvds9\Documents\GitHub\thesis-project2\WrldTmpl8-main\CAPE.cpp(81,25): warning C4244: 'argument': conversion from 'float' to 'int', possible loss of data
C:\Users\wvds9\Documents\GitHub\thesis-project2\WrldTmpl8-main\CAPE.cpp(82,26): warning C4244: 'argument': conversion from 'float' to 'int', possible loss of data
C:\Users\wvds9\Documents\GitHub\thesis-project2\WrldTmpl8-main\CAPE.cpp(83,26): warning C4244: 'argument': conversion from 'float' to 'int', possible loss of data
C:\Users\wvds9\Documents\GitHub\thesis-project2\WrldTmpl8-main\CAPE.cpp(84,26): warning C4244: 'argument': conversion from 'float' to 'int', possible loss of data
C:\Users\wvds9\Documents\GitHub\thesis-project2\WrldTmpl8-main\CAPE.cpp(85,25): warning C4244: 'argument': conversion from 'float' to 'int', possible loss of data
C:\Users\wvds9\Documents\GitHub\thesis-project2\WrldTmpl8-main\CAPE.cpp(86,24): warning C4244: 'argument': conversion from 'float' to 'int', possible loss of data
C:\Users\wvds9\Documents\GitHub\thesis-project2\WrldTmpl8-main\CAPE.cpp(91,23): warning C4244: 'argument': conversion from 'float' to 'int', possible loss of data
C:\Users\wvds9\Documents\GitHub\thesis-project2\WrldTmpl8-main\CAPE.cpp(186,20): warning C4018: '<': signed/unsigned mismatch
C:\Users\wvds9\Documents\GitHub\thesis-project2\WrldTmpl8-main\CAPE.cpp(272,23): warning C4244: 'argument': conversion from 'float' to 'int', possible loss of data
C:\Users\wvds9\Documents\GitHub\thesis-project2\WrldTmpl8-main\CAPE.cpp(283,21): warning C4018: '<': signed/unsigned mismatch
C:\Users\wvds9\Documents\GitHub\thesis-project2\WrldTmpl8-main\CAPE.cpp(634,11): warning C4101: 'divergenceDone': unreferenced local variable
C:\Users\wvds9\Documents\GitHub\thesis-project2\WrldTmpl8-main\CAPE.cpp(787,21): warning C4244: 'initializing': conversion from 'cl_ulong' to 'double', possible loss of data
C:\Users\wvds9\Documents\GitHub\thesis-project2\WrldTmpl8-main\CAPE.cpp(851,22): warning C4018: '<': signed/unsigned mismatch
C:\Users\wvds9\Documents\GitHub\thesis-project2\WrldTmpl8-main\CAPE.cpp(992,27): warning C4244: 'initializing': conversion from 'double' to 'float', possible loss of data
C:\Users\wvds9\Documents\GitHub\thesis-project2\WrldTmpl8-main\CAPE.cpp(1331,20): warning C4018: '<': signed/unsigned mismatch
C:\Users\wvds9\Documents\GitHub\thesis-project2\WrldTmpl8-main\CAPE.cpp(1350,20): warning C4018: '<': signed/unsigned mismatch
  world.cpp
C:\Users\wvds9\Documents\GitHub\thesis-project2\WrldTmpl8-main\template\world.cpp(60,25): warning C4307: '*': signed integral constant overflow
C:\Users\wvds9\Documents\GitHub\thesis-project2\WrldTmpl8-main\template\world.cpp(297,25): warning C4307: '*': signed integral constant overflow
  waterworld.cpp
  Generating Code...
     Creating library C:\Users\wvds9\Documents\GitHub\thesis-project2\WrldTmpl8-main\x64\waterWorld.lib and object C:\Users\wvds9\Documents\GitHub\thesis-project2\WrldTmpl8-main\x64\waterWorld.exp
  waterworld.vcxproj -> C:\Users\wvds9\Documents\GitHub\thesis-project2\WrldTmpl8-main\x64\waterWorld.exe
