c:\users\wvds9\documents\github\thesis-project2\wrldtmpl8-main\x64\release\waterworld.pch
c:\users\wvds9\documents\github\thesis-project2\wrldtmpl8-main\x64\release\vc143.pdb
c:\users\wvds9\documents\github\thesis-project2\wrldtmpl8-main\x64\release\template.obj
c:\users\wvds9\documents\github\thesis-project2\wrldtmpl8-main\x64\release\world.obj
c:\users\wvds9\documents\github\thesis-project2\wrldtmpl8-main\x64\release\cape.obj
c:\users\wvds9\documents\github\thesis-project2\wrldtmpl8-main\x64\release\waterworld.obj
c:\users\wvds9\documents\github\thesis-project2\wrldtmpl8-main\x64\waterworld.exe
c:\users\wvds9\documents\github\thesis-project2\wrldtmpl8-main\x64\waterworld.pdb
c:\users\wvds9\github\thesis-project\wrldtmpl8-main\x64\waterworld.lib
c:\users\wvds9\github\thesis-project\wrldtmpl8-main\x64\waterworld.exp
c:\users\wvds9\documents\github\thesis-project2\wrldtmpl8-main\x64\waterworld.lib
c:\users\wvds9\documents\github\thesis-project2\wrldtmpl8-main\x64\waterworld.exp
c:\users\wvds9\documents\github\thesis-project2\wrldtmpl8-main\x64\release\waterworld.vcxproj.filelistabsolute.txt
c:\users\wvds9\documents\github\thesis-project2\wrldtmpl8-main\x64\release\waterworld.tlog\cl.command.1.tlog
c:\users\wvds9\documents\github\thesis-project2\wrldtmpl8-main\x64\release\waterworld.tlog\cl.read.1.tlog
c:\users\wvds9\documents\github\thesis-project2\wrldtmpl8-main\x64\release\waterworld.tlog\cl.write.1.tlog
c:\users\wvds9\documents\github\thesis-project2\wrldtmpl8-main\x64\release\waterworld.tlog\link.command.1.tlog
c:\users\wvds9\documents\github\thesis-project2\wrldtmpl8-main\x64\release\waterworld.tlog\link.read.1.tlog
c:\users\wvds9\documents\github\thesis-project2\wrldtmpl8-main\x64\release\waterworld.tlog\link.write.1.tlog
c:\users\wvds9\documents\github\thesis-project2\wrldtmpl8-main\x64\release\waterworld.tlog\waterworld.write.1u.tlog
